2019-06-04 16:04:49,729 INFO com.unimoni.SmsServiceApiApplicationTests [main] Starting SmsServiceApiApplicationTests on INCN-IT-LP072 with PID 131012 (started by sathyanarayanan.s in C:\Sathya data\D drive data\WaveLabs - Sathya\Project\SMSServiceAPI)
2019-06-04 16:04:49,730 DEBUG com.unimoni.SmsServiceApiApplicationTests [main] Running with Spring Boot v2.1.5.RELEASE, Spring v5.1.7.RELEASE
2019-06-04 16:04:49,731 INFO com.unimoni.SmsServiceApiApplicationTests [main] No active profile set, falling back to default profiles: default
2019-06-04 16:04:51,747 INFO springfox.documentation.spring.web.PropertySourcedRequestMappingHandlerMapping [main] Mapped URL path [/v2/api-docs] onto method [public org.springframework.http.ResponseEntity<springfox.documentation.spring.web.json.Json> springfox.documentation.swagger2.web.Swagger2Controller.getDocumentation(java.lang.String,javax.servlet.http.HttpServletRequest)]
2019-06-04 16:04:52,506 INFO springfox.documentation.spring.web.plugins.DocumentationPluginsBootstrapper [main] Context refreshed
2019-06-04 16:04:52,547 INFO springfox.documentation.spring.web.plugins.DocumentationPluginsBootstrapper [main] Found 1 custom documentation plugin(s)
2019-06-04 16:04:52,591 INFO springfox.documentation.spring.web.scanners.ApiListingReferenceScanner [main] Scanning for api listing references
2019-06-04 16:04:52,831 INFO com.unimoni.SmsServiceApiApplicationTests [main] Started SmsServiceApiApplicationTests in 3.513 seconds (JVM running for 4.393)
2019-06-04 16:05:57,378 INFO com.unimoni.SmsServiceApiApplicationTests [main] Starting SmsServiceApiApplicationTests on INCN-IT-LP072 with PID 131360 (started by sathyanarayanan.s in C:\Sathya data\D drive data\WaveLabs - Sathya\Project\SMSServiceAPI)
2019-06-04 16:05:57,381 DEBUG com.unimoni.SmsServiceApiApplicationTests [main] Running with Spring Boot v2.1.5.RELEASE, Spring v5.1.7.RELEASE
2019-06-04 16:05:57,382 INFO com.unimoni.SmsServiceApiApplicationTests [main] No active profile set, falling back to default profiles: default
2019-06-04 16:05:58,676 INFO com.unimoni.eod.sms.SMSController [main] Info SMSController calling...
2019-06-04 16:05:59,193 INFO springfox.documentation.spring.web.PropertySourcedRequestMappingHandlerMapping [main] Mapped URL path [/v2/api-docs] onto method [public org.springframework.http.ResponseEntity<springfox.documentation.spring.web.json.Json> springfox.documentation.swagger2.web.Swagger2Controller.getDocumentation(java.lang.String,javax.servlet.http.HttpServletRequest)]
2019-06-04 16:06:00,151 INFO springfox.documentation.spring.web.plugins.DocumentationPluginsBootstrapper [main] Context refreshed
2019-06-04 16:06:00,190 INFO springfox.documentation.spring.web.plugins.DocumentationPluginsBootstrapper [main] Found 1 custom documentation plugin(s)
2019-06-04 16:06:00,226 INFO springfox.documentation.spring.web.scanners.ApiListingReferenceScanner [main] Scanning for api listing references
2019-06-04 16:06:00,380 INFO com.unimoni.SmsServiceApiApplicationTests [main] Started SmsServiceApiApplicationTests in 3.339 seconds (JVM running for 4.23)
2019-06-04 16:18:13,176 INFO com.unimoni.SmsServiceApiApplicationTests [main] Starting SmsServiceApiApplicationTests on INCN-IT-LP072 with PID 134872 (started by sathyanarayanan.s in C:\Sathya data\D drive data\WaveLabs - Sathya\Project\SMSServiceAPI)
2019-06-04 16:18:13,180 DEBUG com.unimoni.SmsServiceApiApplicationTests [main] Running with Spring Boot v2.1.5.RELEASE, Spring v5.1.7.RELEASE
2019-06-04 16:18:13,180 INFO com.unimoni.SmsServiceApiApplicationTests [main] No active profile set, falling back to default profiles: default
2019-06-04 16:18:14,648 INFO com.unimoni.eod.sms.SMSController [main] Info SMSController calling...
2019-06-04 16:18:15,176 INFO springfox.documentation.spring.web.PropertySourcedRequestMappingHandlerMapping [main] Mapped URL path [/v2/api-docs] onto method [public org.springframework.http.ResponseEntity<springfox.documentation.spring.web.json.Json> springfox.documentation.swagger2.web.Swagger2Controller.getDocumentation(java.lang.String,javax.servlet.http.HttpServletRequest)]
2019-06-04 16:18:16,202 INFO springfox.documentation.spring.web.plugins.DocumentationPluginsBootstrapper [main] Context refreshed
2019-06-04 16:18:16,247 INFO springfox.documentation.spring.web.plugins.DocumentationPluginsBootstrapper [main] Found 1 custom documentation plugin(s)
2019-06-04 16:18:16,291 INFO springfox.documentation.spring.web.scanners.ApiListingReferenceScanner [main] Scanning for api listing references
2019-06-04 16:18:16,458 INFO com.unimoni.SmsServiceApiApplicationTests [main] Started SmsServiceApiApplicationTests in 3.622 seconds (JVM running for 4.457)
2019-06-04 16:20:40,261 INFO com.unimoni.SmsServiceApiApplication [main] Starting SmsServiceApiApplication on INCN-IT-LP072 with PID 134060 (started by sathyanarayanan.s in C:\Sathya data\D drive data\WaveLabs - Sathya\Project\SMSServiceAPI)
2019-06-04 16:20:40,266 DEBUG com.unimoni.SmsServiceApiApplication [main] Running with Spring Boot v2.1.5.RELEASE, Spring v5.1.7.RELEASE
2019-06-04 16:20:40,267 INFO com.unimoni.SmsServiceApiApplication [main] No active profile set, falling back to default profiles: default
2019-06-04 16:20:41,795 INFO org.apache.catalina.core.StandardService [main] Starting service [Tomcat]
2019-06-04 16:20:41,796 INFO org.apache.catalina.core.StandardEngine [main] Starting Servlet engine: [Apache Tomcat/9.0.19]
2019-06-04 16:20:41,943 INFO org.apache.catalina.core.ContainerBase.[Tomcat].[localhost].[/] [main] Initializing Spring embedded WebApplicationContext
2019-06-04 16:20:42,016 INFO com.unimoni.eod.sms.SMSController [main] Info SMSController calling...
2019-06-04 16:20:42,390 INFO springfox.documentation.spring.web.PropertySourcedRequestMappingHandlerMapping [main] Mapped URL path [/v2/api-docs] onto method [public org.springframework.http.ResponseEntity<springfox.documentation.spring.web.json.Json> springfox.documentation.swagger2.web.Swagger2Controller.getDocumentation(java.lang.String,javax.servlet.http.HttpServletRequest)]
2019-06-04 16:20:42,709 INFO springfox.documentation.spring.web.plugins.DocumentationPluginsBootstrapper [main] Context refreshed
2019-06-04 16:20:42,740 INFO springfox.documentation.spring.web.plugins.DocumentationPluginsBootstrapper [main] Found 1 custom documentation plugin(s)
2019-06-04 16:20:42,790 INFO springfox.documentation.spring.web.scanners.ApiListingReferenceScanner [main] Scanning for api listing references
2019-06-04 16:20:43,097 INFO com.unimoni.SmsServiceApiApplication [main] Started SmsServiceApiApplication in 3.439 seconds (JVM running for 4.005)
2019-06-04 16:20:43,099 INFO com.unimoni.SmsServiceApiApplication [main] *****SMS Serive API*****
2019-06-04 16:20:43,386 INFO org.apache.catalina.core.ContainerBase.[Tomcat].[localhost].[/] [http-nio-8088-exec-1] Initializing Spring DispatcherServlet 'dispatcherServlet'
2019-06-04 16:52:35,338 INFO com.unimoni.SmsServiceApiApplication [main] Starting SmsServiceApiApplication on INCN-IT-LP072 with PID 141016 (started by sathyanarayanan.s in C:\Sathya data\D drive data\WaveLabs - Sathya\Project\SMSServiceAPI)
2019-06-04 16:52:35,343 DEBUG com.unimoni.SmsServiceApiApplication [main] Running with Spring Boot v2.1.5.RELEASE, Spring v5.1.7.RELEASE
2019-06-04 16:52:35,344 INFO com.unimoni.SmsServiceApiApplication [main] No active profile set, falling back to default profiles: default
2019-06-04 16:52:37,266 INFO org.apache.catalina.core.StandardService [main] Starting service [Tomcat]
2019-06-04 16:52:37,267 INFO org.apache.catalina.core.StandardEngine [main] Starting Servlet engine: [Apache Tomcat/9.0.19]
2019-06-04 16:52:37,417 INFO org.apache.catalina.core.ContainerBase.[Tomcat].[localhost].[/] [main] Initializing Spring embedded WebApplicationContext
2019-06-04 16:52:37,480 INFO com.unimoni.eod.sms.controller.SMSController [main] Info SMSController calling...
2019-06-04 16:52:37,804 INFO springfox.documentation.spring.web.PropertySourcedRequestMappingHandlerMapping [main] Mapped URL path [/v2/api-docs] onto method [public org.springframework.http.ResponseEntity<springfox.documentation.spring.web.json.Json> springfox.documentation.swagger2.web.Swagger2Controller.getDocumentation(java.lang.String,javax.servlet.http.HttpServletRequest)]
2019-06-04 16:52:38,094 INFO springfox.documentation.spring.web.plugins.DocumentationPluginsBootstrapper [main] Context refreshed
2019-06-04 16:52:38,123 INFO springfox.documentation.spring.web.plugins.DocumentationPluginsBootstrapper [main] Found 1 custom documentation plugin(s)
2019-06-04 16:52:38,167 INFO springfox.documentation.spring.web.scanners.ApiListingReferenceScanner [main] Scanning for api listing references
2019-06-04 16:52:38,375 INFO com.unimoni.SmsServiceApiApplication [main] Started SmsServiceApiApplication in 3.613 seconds (JVM running for 4.183)
2019-06-04 16:52:38,378 INFO com.unimoni.SmsServiceApiApplication [main] *****SMS Serive API*****
2019-06-04 16:53:01,194 INFO org.apache.catalina.core.ContainerBase.[Tomcat].[localhost].[/] [http-nio-8088-exec-1] Initializing Spring DispatcherServlet 'dispatcherServlet'
2019-06-04 16:56:49,270 INFO com.unimoni.SmsServiceApiApplication [main] Starting SmsServiceApiApplication on INCN-IT-LP072 with PID 141540 (started by sathyanarayanan.s in C:\Sathya data\D drive data\WaveLabs - Sathya\Project\SMSServiceAPI)
2019-06-04 16:56:49,275 DEBUG com.unimoni.SmsServiceApiApplication [main] Running with Spring Boot v2.1.5.RELEASE, Spring v5.1.7.RELEASE
2019-06-04 16:56:49,276 INFO com.unimoni.SmsServiceApiApplication [main] No active profile set, falling back to default profiles: default
2019-06-04 16:56:50,750 INFO org.apache.catalina.core.StandardService [main] Starting service [Tomcat]
2019-06-04 16:56:50,751 INFO org.apache.catalina.core.StandardEngine [main] Starting Servlet engine: [Apache Tomcat/9.0.19]
2019-06-04 16:56:50,891 INFO org.apache.catalina.core.ContainerBase.[Tomcat].[localhost].[/] [main] Initializing Spring embedded WebApplicationContext
2019-06-04 16:56:50,954 INFO com.unimoni.eod.sms.controller.SMSController [main] Info SMSController calling...
2019-06-04 16:56:51,257 INFO springfox.documentation.spring.web.PropertySourcedRequestMappingHandlerMapping [main] Mapped URL path [/v2/api-docs] onto method [public org.springframework.http.ResponseEntity<springfox.documentation.spring.web.json.Json> springfox.documentation.swagger2.web.Swagger2Controller.getDocumentation(java.lang.String,javax.servlet.http.HttpServletRequest)]
2019-06-04 16:56:51,542 INFO springfox.documentation.spring.web.plugins.DocumentationPluginsBootstrapper [main] Context refreshed
2019-06-04 16:56:51,568 INFO springfox.documentation.spring.web.plugins.DocumentationPluginsBootstrapper [main] Found 1 custom documentation plugin(s)
2019-06-04 16:56:51,607 INFO springfox.documentation.spring.web.scanners.ApiListingReferenceScanner [main] Scanning for api listing references
2019-06-04 16:56:51,808 INFO com.unimoni.SmsServiceApiApplication [main] Started SmsServiceApiApplication in 2.981 seconds (JVM running for 3.405)
2019-06-04 16:56:51,811 INFO com.unimoni.SmsServiceApiApplication [main] *****SMS Serive API*****
2019-06-04 16:57:26,621 INFO org.apache.catalina.core.ContainerBase.[Tomcat].[localhost].[/] [http-nio-8088-exec-1] Initializing Spring DispatcherServlet 'dispatcherServlet'
2019-06-04 17:01:46,832 INFO com.unimoni.SmsServiceApiApplication [main] Starting SmsServiceApiApplication on INCN-IT-LP072 with PID 145084 (started by sathyanarayanan.s in C:\Sathya data\D drive data\WaveLabs - Sathya\Project\SMSServiceAPI)
2019-06-04 17:01:46,839 DEBUG com.unimoni.SmsServiceApiApplication [main] Running with Spring Boot v2.1.5.RELEASE, Spring v5.1.7.RELEASE
2019-06-04 17:01:46,839 INFO com.unimoni.SmsServiceApiApplication [main] No active profile set, falling back to default profiles: default
2019-06-04 17:01:48,456 INFO org.apache.catalina.core.StandardService [main] Starting service [Tomcat]
2019-06-04 17:01:48,457 INFO org.apache.catalina.core.StandardEngine [main] Starting Servlet engine: [Apache Tomcat/9.0.19]
2019-06-04 17:01:48,632 INFO org.apache.catalina.core.ContainerBase.[Tomcat].[localhost].[/] [main] Initializing Spring embedded WebApplicationContext
2019-06-04 17:01:48,700 INFO com.unimoni.eod.sms.controller.SMSController [main] Info SMSController calling...
2019-06-04 17:01:49,034 INFO springfox.documentation.spring.web.PropertySourcedRequestMappingHandlerMapping [main] Mapped URL path [/v2/api-docs] onto method [public org.springframework.http.ResponseEntity<springfox.documentation.spring.web.json.Json> springfox.documentation.swagger2.web.Swagger2Controller.getDocumentation(java.lang.String,javax.servlet.http.HttpServletRequest)]
2019-06-04 17:01:49,317 INFO springfox.documentation.spring.web.plugins.DocumentationPluginsBootstrapper [main] Context refreshed
2019-06-04 17:01:49,344 INFO springfox.documentation.spring.web.plugins.DocumentationPluginsBootstrapper [main] Found 1 custom documentation plugin(s)
2019-06-04 17:01:49,381 INFO springfox.documentation.spring.web.scanners.ApiListingReferenceScanner [main] Scanning for api listing references
2019-06-04 17:01:49,651 INFO com.unimoni.SmsServiceApiApplication [main] Started SmsServiceApiApplication in 3.269 seconds (JVM running for 3.731)
2019-06-04 17:01:49,654 INFO com.unimoni.SmsServiceApiApplication [main] *****SMS Serive API*****
2019-06-04 17:02:57,884 INFO org.apache.catalina.core.ContainerBase.[Tomcat].[localhost].[/] [http-nio-8088-exec-1] Initializing Spring DispatcherServlet 'dispatcherServlet'
2019-06-04 17:03:00,126 DEBUG com.unimoni.eod.sms.controller.SMSController [http-nio-8088-exec-1] Twilio :QUEUED
